0 info it worked if it ends with ok
1 verbose cli [ '/home/nils/.nvm/versions/node/v5.2.0/bin/node',
1 verbose cli   '/home/nils/.nvm/versions/node/v5.2.0/bin/npm',
1 verbose cli   'run',
1 verbose cli   'test' ]
2 info using npm@3.3.12
3 info using node@v5.2.0
4 verbose run-script [ 'pretest', 'test', 'posttest' ]
5 info lifecycle phoenix-hipster-stack@1.0.0~pretest: phoenix-hipster-stack@1.0.0
6 silly lifecycle phoenix-hipster-stack@1.0.0~pretest: no script for pretest, continuing
7 info lifecycle phoenix-hipster-stack@1.0.0~test: phoenix-hipster-stack@1.0.0
8 verbose lifecycle phoenix-hipster-stack@1.0.0~test: unsafe-perm in lifecycle true
9 verbose lifecycle phoenix-hipster-stack@1.0.0~test: PATH: /home/nils/.nvm/versions/node/v5.2.0/lib/node_modules/npm/bin/node-gyp-bin:/home/nils/Programmering/relay/phoenix-hipster-stack/node_modules/.bin:/usr/local/heroku/bin:/home/nils/.nvm/versions/node/v5.2.0/bin:/home/nils/.rbenv/plugins/ruby-build/bin:/home/nils/.rbenv/shims:/home/nils/.rbenv/bin:/usr/local/sbin:/usr/local/bin:/usr/sbin:/usr/bin:/sbin:/bin:/usr/games:/usr/local/games:/opt/thinlinc/bin:/home/nils/.rvm/bin:/home/nils/Android/android-sdk-linux/tools:/home/nils/Android/android-sdk-linux/platform-tools:/home/nils/.rvm/bin:/opt/Precompiled/bin/
10 verbose lifecycle phoenix-hipster-stack@1.0.0~test: CWD: /home/nils/Programmering/relay/phoenix-hipster-stack
11 silly lifecycle phoenix-hipster-stack@1.0.0~test: Args: [ '-c', 'jest' ]
12 silly lifecycle phoenix-hipster-stack@1.0.0~test: Returned: code: 1  signal: null
13 info lifecycle phoenix-hipster-stack@1.0.0~test: Failed to exec test script
14 verbose stack Error: phoenix-hipster-stack@1.0.0 test: `jest`
14 verbose stack Exit status 1
14 verbose stack     at EventEmitter.<anonymous> (/home/nils/.nvm/versions/node/v5.2.0/lib/node_modules/npm/lib/utils/lifecycle.js:232:16)
14 verbose stack     at emitTwo (events.js:88:13)
14 verbose stack     at EventEmitter.emit (events.js:173:7)
14 verbose stack     at ChildProcess.<anonymous> (/home/nils/.nvm/versions/node/v5.2.0/lib/node_modules/npm/lib/utils/spawn.js:24:14)
14 verbose stack     at emitTwo (events.js:88:13)
14 verbose stack     at ChildProcess.emit (events.js:173:7)
14 verbose stack     at maybeClose (internal/child_process.js:819:16)
14 verbose stack     at Process.ChildProcess._handle.onexit (internal/child_process.js:212:5)
15 verbose pkgid phoenix-hipster-stack@1.0.0
16 verbose cwd /home/nils/Programmering/relay/phoenix-hipster-stack/web/static
17 error Linux 4.2.0-23-generic
18 error argv "/home/nils/.nvm/versions/node/v5.2.0/bin/node" "/home/nils/.nvm/versions/node/v5.2.0/bin/npm" "run" "test"
19 error node v5.2.0
20 error npm  v3.3.12
21 error code ELIFECYCLE
22 error phoenix-hipster-stack@1.0.0 test: `jest`
22 error Exit status 1
23 error Failed at the phoenix-hipster-stack@1.0.0 test script 'jest'.
23 error Make sure you have the latest version of node.js and npm installed.
23 error If you do, this is most likely a problem with the phoenix-hipster-stack package,
23 error not with npm itself.
23 error Tell the author that this fails on your system:
23 error     jest
23 error You can get their info via:
23 error     npm owner ls phoenix-hipster-stack
23 error There is likely additional logging output above.
24 verbose exit [ 1, true ]
