0 info it worked if it ends with ok
1 verbose cli [ '/Users/christoferarleryd/.nvm/versions/node/v5.5.0/bin/node',
1 verbose cli   '/Users/christoferarleryd/.nvm/versions/node/v5.5.0/bin/npm',
1 verbose cli   'install',
1 verbose cli   '.' ]
2 info using npm@3.3.12
3 info using node@v5.5.0
4 silly loadCurrentTree Starting
5 silly install loadCurrentTree
6 silly install readLocalPackageData
7 silly fetchPackageMetaData .
8 silly fetchOtherPackageData .
9 silly cache add args [ '.', null ]
10 verbose cache add spec .
11 silly cache add parsed spec Result {
11 silly cache add   raw: '.',
11 silly cache add   scope: null,
11 silly cache add   name: null,
11 silly cache add   rawSpec: '.',
11 silly cache add   spec: '/Users/christoferarleryd/Programming/elm/elm-hipster-stack/web/static/js/elm/elm-graphql',
11 silly cache add   type: 'local' }
12 error addLocal Could not install /Users/christoferarleryd/Programming/elm/elm-hipster-stack/web/static/js/elm/elm-graphql
13 silly fetchPackageMetaData Error: EISDIR: illegal operation on a directory, read
13 silly fetchPackageMetaData     at Error (native)
13 silly fetchPackageMetaData  error for . { [Error: EISDIR: illegal operation on a directory, read] errno: -21, code: 'EISDIR', syscall: 'read' }
14 silly rollbackFailedOptional Starting
15 silly rollbackFailedOptional Finishing
16 silly runTopLevelLifecycles Starting
17 silly runTopLevelLifecycles Finishing
18 silly install printInstalled
19 verbose stack Error: EISDIR: illegal operation on a directory, read
19 verbose stack     at Error (native)
20 verbose cwd /Users/christoferarleryd/Programming/elm/elm-hipster-stack/web/static/js/elm/elm-graphql
21 error Darwin 15.0.0
22 error argv "/Users/christoferarleryd/.nvm/versions/node/v5.5.0/bin/node" "/Users/christoferarleryd/.nvm/versions/node/v5.5.0/bin/npm" "install" "."
23 error node v5.5.0
24 error npm  v3.3.12
25 error code EISDIR
26 error errno -21
27 error syscall read
28 error eisdir EISDIR: illegal operation on a directory, read
28 error eisdir This is most likely not a problem with npm itself
28 error eisdir and is related to npm not being able to find a package.json in
28 error eisdir a package you are trying to install.
29 verbose exit [ -21, true ]
